"../../../../../Unreal Projects/Workshop_team2/Workshop_Team2/Content/3DAssets/aiStandardSurface4.uasset" 0
"../../../../../Unreal Projects/Workshop_team2/Workshop_Team2/Content/3DAssets/SP_MetalConsole_low.uasset" 1
"../../../../../Unreal Projects/Workshop_team2/Workshop_Team2/Content/3DAssets/SP_MetalConsole_low__1_.uasset" 2
"../../../Engine/Content/Functions/Engine_MaterialFunctions02/Fresnel_Function.uasset" 3
"../../../../../Unreal Projects/Workshop_team2/Workshop_Team2/Content/Level/Door_M.uasset" 4
"../../../../../Unreal Projects/Workshop_team2/Workshop_Team2/Content/Level/Test_level.uasset" 5
"../../../../../Unreal Projects/Workshop_team2/Workshop_Team2/Content/Mannequin/Character/Mesh/UE4_Mannequin_Skeleton.uasset" 6
"../../../../../Unreal Projects/Workshop_team2/Workshop_Team2/Content/Mannequin/Animations/ThirdPersonJump_End.uasset" 7
"../../../../../Unreal Projects/Workshop_team2/Workshop_Team2/Content/Mannequin/Character/Mesh/SK_Mannequin_Female_PhysicsAsset.uasset" 8
"../../../../../Unreal Projects/Workshop_team2/Workshop_Team2/Content/Mannequin/Character/Textures/T_UE4Logo_N.uasset" 9
"../../../../../Unreal Projects/Workshop_team2/Workshop_Team2/Content/Mannequin/Character/Textures/T_UE4Logo_Mask.uasset" 10
"../../../../../Unreal Projects/Workshop_team2/Workshop_Team2/Content/Mannequin/Character/Textures/T_Male_N.uasset" 11
"../../../../../Unreal Projects/Workshop_team2/Workshop_Team2/Content/Mannequin/Character/Textures/T_Male_Mask.uasset" 12
"../../../../../Unreal Projects/Workshop_team2/Workshop_Team2/Content/Mannequin/Character/Materials/MaterialLayers/T_ML_Rubber_Blue_01_N.uasset" 13
"../../../../../Unreal Projects/Workshop_team2/Workshop_Team2/Content/Mannequin/Character/Materials/MaterialLayers/T_ML_Rubber_Blue_01_D.uasset" 14
"../../../../../Unreal Projects/Workshop_team2/Workshop_Team2/Content/Mannequin/Character/Materials/MaterialLayers/T_ML_Aluminum01_N.uasset" 15
"../../../../../Unreal Projects/Workshop_team2/Workshop_Team2/Content/Mannequin/Character/Materials/MaterialLayers/T_ML_Aluminum01.uasset" 16
"../../../../../Unreal Projects/Workshop_team2/Workshop_Team2/Content/Mannequin/Character/Materials/MaterialLayers/ML_SoftMetal_UE4.uasset" 17
"../../../../../Unreal Projects/Workshop_team2/Workshop_Team2/Content/Mannequin/Character/Materials/MaterialLayers/ML_Plastic_Shiny_Beige_LOGO.uasset" 18
"../../../../../Unreal Projects/Workshop_team2/Workshop_Team2/Content/Mannequin/Character/Materials/MaterialLayers/ML_Plastic_Shiny_Beige.uasset" 19
"../../../../../Unreal Projects/Workshop_team2/Workshop_Team2/Content/Mannequin/Character/Materials/MaterialLayers/ML_GlossyBlack_Latex_UE4.uasset" 20
"../../../Engine/Content/Functions/MaterialLayerFunctions/MatLayerBlend_Simple.uasset" 21
"../../../Engine/Content/Functions/Engine_MaterialFunctions02/Utility/BlendAngleCorrectedNormals.uasset" 22
"../../../Engine/Content/Functions/MaterialLayerFunctions/MatLayerBlend_NormalBlend.uasset" 23
"../../../../../Unreal Projects/Workshop_team2/Workshop_Team2/Content/Mannequin/Character/Materials/M_Male_Body.uasset" 24
"../../../../../Unreal Projects/Workshop_team2/Workshop_Team2/Content/Mannequin/Character/Materials/M_UE4Man_ChestLogo.uasset" 25
"../../../../../Unreal Projects/Workshop_team2/Workshop_Team2/Content/Mannequin/Character/Textures/T_Female_N.uasset" 26
"../../../../../Unreal Projects/Workshop_team2/Workshop_Team2/Content/Mannequin/Character/Textures/T_Female_Mask.uasset" 27
"../../../../../Unreal Projects/Workshop_team2/Workshop_Team2/Content/Mannequin/Character/Materials/MI_Female_Body.uasset" 28
"../../../../../Unreal Projects/Workshop_team2/Workshop_Team2/Content/Mannequin/Character/Mesh/SK_Mannequin_Female.uasset" 29
"../../../Engine/Content/EngineMaterials/T_Default_Material_Grid_N.uasset" 30
"../../../Engine/Content/EngineMaterials/T_Default_Material_Grid_M.uasset" 31
"../../../Engine/Content/Functions/Engine_MaterialFunctions01/Opacity/CameraDepthFade.uasset" 32
"../../../Engine/Content/EngineMaterials/WorldGridMaterial.uasset" 33
"../../../../../Unreal Projects/Workshop_team2/Workshop_Team2/Content/MenUI/Spacestation.uasset" 34
"../../../../../Unreal Projects/Workshop_team2/Workshop_Team2/Content/MenUI/Spacestation_Mainmenu.uasset" 35
"../../../../../Unreal Projects/Workshop_team2/Workshop_Team2/Content/MenUI/Blueprints/ExampleBg.uasset" 36
"../../../../../Unreal Projects/Workshop_team2/Workshop_Team2/Content/MenUI/Blueprints/Vein.uasset" 37
"../../../../../Unreal Projects/Workshop_team2/Workshop_Team2/Content/ThirdPersonBP/ThirdPersonOverview.uasset" 38
"../../../../../Unreal Projects/Workshop_team2/Workshop_Team2/Content/ThirdPersonBP/AI/BP_AIController.uasset" 39
"../../../../../Unreal Projects/Workshop_team2/Workshop_Team2/Content/MenUI/Blueprints/HUDPlaceholder.uasset" 40
"../../../../../Unreal Projects/Workshop_team2/Workshop_Team2/Content/MenUI/Blueprints/SkillTree.uasset" 41
"../../../../../Unreal Projects/Workshop_team2/Workshop_Team2/Content/MenUI/Blueprints/PauseMenu.uasset" 42
"../../../../../Unreal Projects/Workshop_team2/Workshop_Team2/Content/Mannequin/Character/Mesh/SK_Mannequin_PhysicsAsset.uasset" 43
"../../../../../Unreal Projects/Workshop_team2/Workshop_Team2/Content/Mannequin/Character/Mesh/SK_Mannequin.uasset" 44
"../../../Engine/Content/EditorBlueprintResources/StandardMacros.uasset" 45
"../../../Engine/Content/Animation/DefaultAnimCurveCompressionSettings.uasset" 46
"../../../Engine/Content/Animation/DefaultAnimBoneCompressionSettings.uasset" 47
"../../../../../Unreal Projects/Workshop_team2/Workshop_Team2/Content/Mannequin/Animations/ThirdPersonWalk.uasset" 48
"../../../../../Unreal Projects/Workshop_team2/Workshop_Team2/Content/Mannequin/Animations/ThirdPersonRun.uasset" 49
"../../../../../Unreal Projects/Workshop_team2/Workshop_Team2/Content/Mannequin/Animations/ThirdPersonIdle.uasset" 50
"../../../../../Unreal Projects/Workshop_team2/Workshop_Team2/Content/Mannequin/Animations/ThirdPerson_IdleRun_2D.uasset" 51
"../../../../../Unreal Projects/Workshop_team2/Workshop_Team2/Content/Mannequin/Animations/ThirdPerson_Jump.uasset" 52
"../../../../../Unreal Projects/Workshop_team2/Workshop_Team2/Content/Mannequin/Animations/ThirdPersonJump_Start.uasset" 53
"../../../../../Unreal Projects/Workshop_team2/Workshop_Team2/Content/Mannequin/Animations/ThirdPersonJump_Loop.uasset" 54
"../../../../../Unreal Projects/Workshop_team2/Workshop_Team2/Content/Mannequin/Animations/ThirdPerson_AnimBP.uasset" 55
"../../../../../Unreal Projects/Workshop_team2/Workshop_Team2/Content/ThirdPersonBP/Blueprints/ThirdPersonCharacter.uasset" 56
"../../../../../Unreal Projects/Workshop_team2/Workshop_Team2/Content/ThirdPersonBP/Blueprints/ThirdPersonGameMode.uasset" 57
"../../../Engine/Content/ArtTools/RenderToTexture/Meshes/S_1_Unit_Plane.uasset" 58
"../../../Engine/Content/EngineMaterials/DefaultMaterial.uasset" 59
"../../../Engine/Content/BasicShapes/Cone.uasset" 60
"../../../Engine/Content/BasicShapes/Plane.uasset" 61
"../../../Engine/Content/BasicShapes/Sphere.uasset" 62
"../../../Engine/Content/EditorLandscapeResources/DataLayer.uasset" 63
"../../../Engine/Content/EditorLandscapeResources/DefaultAlphaTexture.uasset" 64
"../../../Engine/Content/EditorMaterials/MAT_Groups_Toggle.uasset" 65
"../../../Engine/Content/EditorMaterials/MAT_Groups_Visibility.uasset" 66
"../../../Engine/Content/EditorMaterials/PreviewShadowIndicator.uasset" 67
"../../../Engine/Content/EditorMaterials/PreviewShadowIndicatorMaterial.uasset" 68
"../../../Engine/Content/EditorMaterials/MatineeGroups/MAT_ColorTrack.uasset" 69
"../../../Engine/Content/EditorMaterials/MatineeGroups/MAT_Groups_Anim.uasset" 70
"../../../Engine/Content/EditorMaterials/MatineeGroups/MAT_Groups_AudioMaster.uasset" 71
"../../../Engine/Content/EditorMaterials/MatineeGroups/MAT_Groups_Director.uasset" 72
"../../../Engine/Content/EditorMaterials/MatineeGroups/MAT_Groups_Event.uasset" 73
"../../../Engine/Content/EditorMaterials/MatineeGroups/MAT_Groups_Fade.uasset" 74
"../../../Engine/Content/EditorMaterials/MatineeGroups/MAT_Groups_Float.uasset" 75
"../../../Engine/Content/EditorMaterials/MatineeGroups/MAT_Groups_Move.uasset" 76
"../../../Engine/Content/EditorMaterials/MatineeGroups/MAT_Groups_Slomo.uasset" 77
"../../../Engine/Content/EditorMaterials/MatineeGroups/MAT_Groups_Sound.uasset" 78
"../../../Engine/Content/EditorMaterials/MatineeGroups/MAT_Groups_Vector.uasset" 79
"../../../Engine/Content/EditorMaterials/ParticleSystems/PSysThumbnail_NoImage.uasset" 80
"../../../Engine/Content/EditorMaterials/ParticleSystems/PSysThumbnail_OOD.uasset" 81
"../../../Engine/Content/EditorMaterials/Camera/CineMat.uasset" 82
"../../../Engine/Content/EditorMaterials/Camera/MI_CineMat_Rig.uasset" 83
"../../../Engine/Content/EditorMeshes/Camera/SM_CraneRig_Arm.uasset" 84
"../../../Engine/Content/EditorMeshes/Camera/SM_CraneRig_Base.uasset" 85
"../../../Engine/Content/EditorMeshes/Camera/SM_CraneRig_Body.uasset" 86
"../../../Engine/Content/EditorMeshes/Camera/SM_CraneRig_Mount.uasset" 87
"../../../Engine/Content/EditorMeshes/Camera/SM_RailRig_Mount.uasset" 88
"../../../Engine/Content/EditorMeshes/Camera/SM_RailRig_Track.uasset" 89
"../../../Engine/Content/EditorResources/BSPVertex.uasset" 90
"../../../Engine/Content/EditorResources/EmptyActor.uasset" 91
"../../../Engine/Content/EditorResources/S_Actor.uasset" 92
"../../../Engine/Content/EditorResources/S_Note.uasset" 93
"../../../Engine/Content/EditorResources/S_Solver.uasset" 94
"../../../Engine/Content/EditorResources/S_Terrain.uasset" 95
"../../../Engine/Content/EditorResources/S_Trigger.uasset" 96
"../../../Engine/Content/EditorResources/LightIcons/S_LightError.uasset" 97
"../../../Engine/Content/EditorResources/SequenceRecorder/Countdown.uasset" 98
"../../../Engine/Content/EditorResources/SequenceRecorder/RecordingIndicator.uasset" 99
"../../../Engine/Content/EngineDamageTypes/DmgTypeBP_Environmental.uasset" 100
"../../../Engine/Content/EngineDebugMaterials/DebugEditorMaterial.uasset" 101
"../../../Engine/Content/EngineDebugMaterials/DebugMeshMaterial.uasset" 102
"../../../Engine/Content/EngineDebugMaterials/M_SimpleUnlitTranslucent.uasset" 103
"../../../Engine/Content/EngineDebugMaterials/VolumeToRender.uasset" 104
"../../../Engine/Content/Functions/Engine_MaterialFunctions02/Utility/CameraDirectionVector.uasset" 105
"../../../Engine/Content/EngineDebugMaterials/M_VolumeRenderSphereTracePP.uasset" 106
"../../../Engine/Content/Functions/Engine_MaterialFunctions01/Shading/ConvertFromDiffSpec.uasset" 107
"../../../Engine/Content/EngineDebugMaterials/VertexColorMaterial.uasset" 108
"../../../Engine/Content/EngineDebugMaterials/WireframeMaterial.uasset" 109
"../../../Engine/Content/EngineFonts/Faces/RobotoRegular.uasset" 110
"../../../Engine/Content/EngineFonts/Faces/RobotoLight.uasset" 111
"../../../Engine/Content/EngineFonts/Faces/RobotoItalic.uasset" 112
"../../../Engine/Content/EngineFonts/Faces/RobotoBoldItalic.uasset" 113
"../../../Engine/Content/EngineFonts/Faces/RobotoBold.uasset" 114
"../../../Engine/Content/EngineFonts/Faces/DroidSansFallback.uasset" 115
"../../../Engine/Content/EngineFonts/Roboto.uasset" 116
"../../../Engine/Content/EngineMaterials/BaseFlattenEmissiveMap.uasset" 117
"../../../Engine/Content/EngineMaterials/BaseFlattenDiffuseMap.uasset" 118
"../../../Engine/Content/EngineMaterials/BaseFlattenNormalMap.uasset" 119
"../../../Engine/Content/EngineMaterials/BaseFlattenGrayscaleMap.uasset" 120
"../../../Engine/Content/EngineMaterials/BaseFlattenMaterial.uasset" 121
"../../../Engine/Content/EngineMaterials/BlueNoise.uasset" 122
"../../../Engine/Content/EngineMaterials/DefaultBloomKernel.uasset" 123
"../../../Engine/Content/EngineMaterials/DefaultBokeh.uasset" 124
"../../../Engine/Content/EngineMaterials/DefaultDiffuse.uasset" 125
"../../../Engine/Content/EngineMaterials/DefaultDeferredDecalMaterial.uasset" 126
"../../../Engine/Content/EngineMaterials/DefaultLightFunctionMaterial.uasset" 127
"../../../Engine/Content/EngineMaterials/DefaultPhysicalMaterial.uasset" 128
"../../../Engine/Content/Functions/Engine_MaterialFunctions02/Utility/BreakOutFloat2Components.uasset" 129
"../../../Engine/Content/EngineMaterials/DefaultPostProcessMaterial.uasset" 130
"../../../Engine/Content/EngineFonts/RobotoDistanceField.uasset" 131
"../../../Engine/Content/EngineMaterials/DefaultTextMaterialOpaque.uasset" 132
"../../../Engine/Content/EngineMaterials/DefaultWhiteGrid.uasset" 133
"../../../Engine/Content/EngineMaterials/DefaultWhiteGrid_Low.uasset" 134
"../../../Engine/Content/EngineMaterials/EmissiveMeshMaterial.uasset" 135
"../../../Engine/Content/EngineMaterials/GizmoMaterial.uasset" 136
"../../../Engine/Content/EngineMaterials/Good64x64TilingNoiseHighFreq.uasset" 137
"../../../Engine/Content/EngineMaterials/MiniFont.uasset" 138
"../../../Engine/Content/EngineMaterials/InvalidLightmapSettings.uasset" 139
"../../../Engine/Content/EngineMaterials/M_InvalidLightmapSettings.uasset" 140
"../../../Engine/Content/Functions/Engine_MaterialFunctions02/WorldPositionOffset/CameraOffset.uasset" 141
"../../../Engine/Content/EngineMaterials/PhAT_JointLimitMaterial.uasset" 142
"../../../Engine/Content/EngineMaterials/PreintegratedSkinBRDF.uasset" 143
"../../../Engine/Content/EngineMaterials/RemoveSurfaceMaterial.uasset" 144
"../../../Engine/Content/EngineMaterials/WeightMapPlaceholderTexture.uasset" 145
"../../../Engine/Content/EngineResources/WhiteSquareTexture.uasset" 146
"../../../Engine/Content/EngineMaterials/Widget3DPassThrough.uasset" 147
"../../../Engine/Content/EngineMaterials/Widget3DPassThrough_Masked.uasset" 148
"../../../Engine/Content/EngineMaterials/Widget3DPassThrough_Opaque.uasset" 149
"../../../Engine/Content/EngineMaterials/Widget3DPassThrough_Masked_OneSided.uasset" 150
"../../../Engine/Content/EngineMaterials/Widget3DPassThrough_Opaque_OneSided.uasset" 151
"../../../Engine/Content/EngineMaterials/Widget3DPassThrough_Translucent.uasset" 152
"../../../Engine/Content/EngineMaterials/Widget3DPassThrough_Translucent_OneSided.uasset" 153
"../../../Engine/Content/EngineMeshes/Cylinder.uasset" 154
"../../../Engine/Content/EngineMeshes/Sphere.uasset" 155
"../../../Engine/Content/EngineResources/Black.uasset" 156
"../../../Engine/Content/EngineResources/DefaultTextureCube.uasset" 157
"../../../Engine/Content/EngineResources/DefaultVolumeTexture2D.uasset" 158
"../../../Engine/Content/EngineResources/DefaultVolumeTexture.uasset" 159
"../../../Engine/Content/EngineResources/GradientTexture0.uasset" 160
"../../../Engine/Content/EngineSky/VolumetricClouds/T_NoiseShape64.uasset" 161
"../../../Engine/Content/EngineSky/VolumetricClouds/T_VolumeNoiseShape64.uasset" 162
"../../../Engine/Content/EngineSky/VolumetricClouds/T_NoiseErosion.uasset" 163
"../../../Engine/Content/EngineSky/VolumetricClouds/T_VolumeNoiseErosion32.uasset" 164
"../../../Engine/Content/EngineSky/VolumetricClouds/CloudWeatherTexture.uasset" 165
"../../../Engine/Content/EngineSky/VolumetricClouds/CloudGradientTexture.uasset" 166
"../../../Engine/Content/Functions/Engine_MaterialFunctions02/Utility/MakeFloat2.uasset" 167
"../../../Engine/Content/EngineSky/VolumetricClouds/m_SimpleVolumetricCloud.uasset" 168
"../../../Engine/Content/EngineSky/VolumetricClouds/m_SimpleVolumetricCloud_Inst.uasset" 169
"../../../Engine/Content/EngineSounds/Master.uasset" 170
"../../../Engine/Content/Functions/Engine_MaterialFunctions01/Shading/PowerToRoughness.uasset" 171
"../../../Engine/Content/Maps/Templates/Thumbnails/Default.uasset" 172
"../../../Engine/Content/Maps/Templates/Thumbnails/TimeOfDay.uasset" 173
"../../../Engine/Content/Maps/Templates/Thumbnails/VR-Basic.uasset" 174
"../../../Engine/Content/MobileResources/T_MobileControls_texture.uasset" 175
"../../../Engine/Content/MobileResources/T_MobileMenu2.uasset" 176
"../../../Engine/Content/MobileResources/HUD/AnalogHat.uasset" 177
"../../../Engine/Content/MobileResources/HUD/VirtualJoystick_Thumb.uasset" 178
"../../../Engine/Content/MobileResources/HUD/VirtualJoystick_Background.uasset" 179
"../../../Engine/Content/MobileResources/HUD/DefaultVirtualJoysticks.uasset" 180
"../../../Engine/Content/MobileResources/HUD/LeftVirtualJoystickOnly.uasset" 181
"../../../Engine/Content/MobileResources/HUD/MobileHUDButton1_off.uasset" 182
"../../../Engine/Content/MobileResources/HUD/MobileHUDButton1_on.uasset" 183
"../../../Engine/Content/MobileResources/HUD/MobileHUDButton2_off.uasset" 184
"../../../Engine/Content/MobileResources/HUD/MobileHUDButton2_on.uasset" 185
"../../../Engine/Content/MobileResources/HUD/MobileHUDButton3.uasset" 186
"../../../Engine/Content/MobileResources/HUD/MobileHUDButtonFire.uasset" 187
"../../../Engine/Content/MobileResources/HUD/MobileHUDDirectionPad.uasset" 188
"../../../Engine/Content/MobileResources/HUD/MobileHUDDirectionPad2.uasset" 189
"../../../Engine/Content/MobileResources/HUD/MobileHUDDirectionPad3.uasset" 190
"../../../Engine/Content/MobileResources/HUD/MobileHUDDirectionStick.uasset" 191
"../../../Engine/Content/MobileResources/HUD/T_Castle_ThumbstickInner.uasset" 192
"../../../Engine/Content/MobileResources/HUD/T_Castle_ThumbstickOutter.uasset" 193
"../../../Engine/Content/Tutorial/ContentIntroCurve.uasset" 194
"../../../Engine/Content/Tutorial/Basics/LevelEditorAttract.uasset" 195
"../../../Engine/Content/Tutorial/Basics/TutorialAssets/icon_tab_Levels_40x.uasset" 196
"../../../Engine/Content/Tutorial/Basics/LevelEditorOverview.uasset" 197
"../../../Engine/Content/Tutorial/BlueprintTutorials/TutorialAssets/Blueprint_64x.uasset" 198
"../../../Engine/Content/Tutorial/BlueprintTutorials/LevelBlueprintEditorOverview.uasset" 199
"../../../Engine/Content/VREditor/TransformGizmo/TranslucentTransformGizmoMaterial.uasset" 200
"../../../Engine/Content/VREditor/LaserPointer/VR_LaserPower_01.uasset" 201
"../../../Engine/Content/VREditor/TransformGizmo/TransformGizmoMaterial.uasset" 202
"../../../Engine/Content/VREditor/TransformGizmo/BoundingBoxCorner.uasset" 203
"../../../Engine/Content/VREditor/TransformGizmo/BoundingBoxEdge.uasset" 204
"../../../Engine/Content/VREditor/TransformGizmo/PlaneTranslationHandle.uasset" 205
"../../../Engine/Content/VREditor/TransformGizmo/Xray.uasset" 206
"../../../Engine/Content/VREditor/TransformGizmo/Main.uasset" 207
"../../../Engine/Content/VREditor/TransformGizmo/SM_Sequencer_Key.uasset" 208
"../../../Engine/Content/VREditor/TransformGizmo/SM_Sequencer_Node.uasset" 209
"../../Plugins/2D/Paper2D/Content/PlaceholderTextures/DummySpriteTexture.uasset" 210
"../../Plugins/2D/Paper2D/Content/DummySprite.uasset" 211
"../../Plugins/2D/Paper2D/Content/DefaultPaperTerrainMaterial.uasset" 212
"../../Plugins/2D/Paper2D/Content/DefaultSpriteMaterial.uasset" 213
"../../Plugins/2D/Paper2D/Content/MaskedUnlitSpriteMaterial.uasset" 214
"../../Plugins/2D/Paper2D/Content/OpaqueUnlitSpriteMaterial.uasset" 215
"../../../Engine/Content/Functions/Engine_MaterialFunctions02/Utility/BreakOutFloat3Components.uasset" 216
"../../Plugins/Editor/SpeedTreeImporter/Content/SpeedTree9/UnpackInteger3.uasset" 217
"../../Plugins/Editor/SpeedTreeImporter/Content/SpeedTree9/UnpackDirection.uasset" 218
"../../Plugins/Editor/SpeedTreeImporter/Content/SpeedTree9/game_wind_noise.uasset" 219
"../../../Engine/Content/Functions/Engine_MaterialFunctions02/SafeNormalize.uasset" 220
"../../Plugins/Editor/SpeedTreeImporter/Content/SpeedTree9/SpeedTreeWindMotion.uasset" 221
"../../Plugins/Editor/SpeedTreeImporter/Content/SpeedTree9/SpeedTreeBranchMotion.uasset" 222
"../../../Engine/Content/Functions/Engine_MaterialFunctions02/ObjectLocalBounds.uasset" 223
"../../../Engine/Content/Functions/Engine_MaterialFunctions02/UVs/BoundingBoxBased_0-1_UVW.uasset" 224
"../../Plugins/Editor/SpeedTreeImporter/Content/SpeedTree9/SpeedTreeWind.uasset" 225
"../../Plugins/Editor/SpeedTreeImporter/Content/SpeedTree9/SpeedTreeBillboard.uasset" 226
"../../../Engine/Content/EngineResources/DefaultTexture.uasset" 227
"../../Plugins/Editor/SpeedTreeImporter/Content/SpeedTree9/SpeedTreeBillboardMaster.uasset" 228
"../../Plugins/Editor/SpeedTreeImporter/Content/SpeedTree9/SpeedTreeCameraFacing.uasset" 229
"../../Plugins/Editor/SpeedTreeImporter/Content/SpeedTree9/SpeedTreeMaster.uasset" 230
"../../../Engine/Content/ArtTools/RenderToTexture/Materials/Debug/M_Emissive_Color.uasset" 231
"../../../Engine/Content/BasicShapes/Cylinder.uasset" 232
"../../Plugins/Lumin/MagicLeapPassableWorld/Content/MagicLeapARPinInfoActor.uasset" 233
"../../../Engine/Content/Functions/Engine_MaterialFunctions02/Utility/BreakOutFloat4Components.uasset" 234
"../../../Engine/Content/Functions/Engine_MaterialFunctions02/Utility/MakeFloat3.uasset" 235
"../../Plugins/Runtime/Oculus/OculusVR/Content/Materials/OculusMR_ChromaKey.uasset" 236
"../../Plugins/Runtime/Oculus/OculusVR/Content/Materials/OculusMR_OpaqueColoredMaterial.uasset" 237
"../../Plugins/Runtime/Oculus/OculusVR/Content/Materials/PokeAHoleMaterial.uasset" 238
"../../../../../Unreal Projects/Workshop_team2/Workshop_Team2/Content/MenUI/Blueprints/Gameover.uasset" 239
"../../../../../Unreal Projects/Workshop_team2/Workshop_Team2/Content/MenUI/Gameover.umap" 240
"../../../../../Unreal Projects/Workshop_team2/Workshop_Team2/Content/MenUI/Blueprints/menu.uasset" 241
"../../../../../Unreal Projects/Workshop_team2/Workshop_Team2/Content/MenUI/Blueprints/MainMenu.uasset" 242
"../../../../../Unreal Projects/Workshop_team2/Workshop_Team2/Content/MenUI/MainMenu.umap" 243
"../../../Engine/Content/EngineSky/T_Sky_Stars.uasset" 244
"../../../Engine/Content/EngineSky/T_Sky_Clouds_M.uasset" 245
"../../../Engine/Content/EngineSky/T_Sky_Blue.uasset" 246
"../../../Engine/Content/EngineSky/M_Sky_Panning_Clouds2.uasset" 247
"../../../../../Unreal Projects/Workshop_team2/Workshop_Team2/Content/ThirdPersonBP/Maps/ThirdPersonExampleMap_BuiltData.uasset" 248
"../../../Engine/Content/EngineSky/SM_SkySphere.uasset" 249
"../../../Engine/Content/EngineSky/C_Sky_Zenith_Color.uasset" 250
"../../../Engine/Content/EngineSky/C_Sky_Horizon_Color.uasset" 251
"../../../Engine/Content/EngineSky/C_Sky_Cloud_Color.uasset" 252
"../../../Engine/Content/EngineSky/BP_Sky_Sphere.uasset" 253
"../../../../../Unreal Projects/Workshop_team2/Workshop_Team2/Content/ThirdPerson/Meshes/RampMaterial.uasset" 254
"../../../../../Unreal Projects/Workshop_team2/Workshop_Team2/Content/ThirdPerson/Meshes/RightArm_StaticMesh.uasset" 255
"../../../../../Unreal Projects/Workshop_team2/Workshop_Team2/Content/ThirdPerson/Meshes/Ramp_StaticMesh.uasset" 256
"../../../../../Unreal Projects/Workshop_team2/Workshop_Team2/Content/ThirdPerson/Meshes/Linear_Stair_StaticMesh.uasset" 257
"../../../../../Unreal Projects/Workshop_team2/Workshop_Team2/Content/ThirdPerson/Meshes/LeftArm_StaticMesh.uasset" 258
"../../../../../Unreal Projects/Workshop_team2/Workshop_Team2/Content/ThirdPerson/Meshes/Bump_StaticMesh.uasset" 259
"../../../../../Unreal Projects/Workshop_team2/Workshop_Team2/Content/Geometry/Meshes/CubeMaterial.uasset" 260
"../../../../../Unreal Projects/Workshop_team2/Workshop_Team2/Content/Geometry/Meshes/TemplateFloor.uasset" 261
"../../../../../Unreal Projects/Workshop_team2/Workshop_Team2/Content/Geometry/Meshes/1M_Cube_Chamfer.uasset" 262
"../../../../../Unreal Projects/Workshop_team2/Workshop_Team2/Content/Geometry/Meshes/1M_Cube.uasset" 263
"../../../../../Unreal Projects/Workshop_team2/Workshop_Team2/Content/ThirdPersonBP/AI/EAIState.uasset" 264
"../../../../../Unreal Projects/Workshop_team2/Workshop_Team2/Content/ThirdPersonBP/Blueprints/Character_Blueprint.uasset" 265
"../../../../../Unreal Projects/Workshop_team2/Workshop_Team2/Content/ThirdPersonBP/Maps/ThirdPersonExampleMap.umap" 266
"../../../Engine/Content/VREditor/UI/KeyDiskMaterial.uasset" 267
"../../../Engine/Content/VREditor/UI/DiscMaterial.uasset" 268
"../../../../../Unreal Projects/Workshop_team2/Workshop_Team2/Content/Level/Prototype_BuiltData.uasset" 269
"../../../../../Unreal Projects/Workshop_team2/Workshop_Team2/Content/Mannequin/Character/Materials/Droid_M_Temp.uasset" 270
"../../../../../Unreal Projects/Workshop_team2/Workshop_Team2/Content/ThirdPersonBP/Blueprints/Droid_Temp.uasset" 271
"../../../../../Unreal Projects/Workshop_team2/Workshop_Team2/Content/Level/NewMaterial.uasset" 272
"../../../../../Unreal Projects/Workshop_team2/Workshop_Team2/Content/Level/spacestation.uasset" 273
"../../../../../Unreal Projects/Workshop_team2/Workshop_Team2/Content/Level/Spacesationoutlook.uasset" 274
"../../../../../Unreal Projects/Workshop_team2/Workshop_Team2/Content/Level/Screen_M.uasset" 275
"../../../../../Unreal Projects/Workshop_team2/Workshop_Team2/Content/Level/Parasitecylinder.uasset" 276
"../../../../../Unreal Projects/Workshop_team2/Workshop_Team2/Content/Level/Scanlines_T.uasset" 277
"../../../Engine/Content/EngineMaterials/BlendFunc_DefBlend.uasset" 278
"../../../Engine/Content/EngineMaterials/BlendFunc_DefBase.uasset" 279
"../../../Engine/Content/Functions/Engine_MaterialFunctions03/Blends/Blend_Overlay.uasset" 280
"../../../../../Unreal Projects/Workshop_team2/Workshop_Team2/Content/Level/Holographic_M.uasset" 281
"../../../../../Unreal Projects/Workshop_team2/Workshop_Team2/Content/Level/Glass_M.uasset" 282
"../../../Engine/Content/BasicShapes/Cube.uasset" 283
"../../../Engine/Content/BasicShapes/BasicShapeMaterial.uasset" 284
"../../../../../Unreal Projects/Workshop_team2/Workshop_Team2/Content/Door/Sliding_Door.uasset" 285
"../../../../../Unreal Projects/Workshop_team2/Workshop_Team2/Content/3DAssets/lambert1.uasset" 286
"../../../../../Unreal Projects/Workshop_team2/Workshop_Team2/Content/3DAssets/VanessaSanchez_LP_Table2.uasset" 287
"../../../../../Unreal Projects/Workshop_team2/Workshop_Team2/Content/3DAssets/VanessaSanchez_LP_Table.uasset" 288
"../../../../../Unreal Projects/Workshop_team2/Workshop_Team2/Content/3DAssets/Test_Tube_3.uasset" 289
"../../../../../Unreal Projects/Workshop_team2/Workshop_Team2/Content/3DAssets/Test_Tube_2.uasset" 290
"../../../../../Unreal Projects/Workshop_team2/Workshop_Team2/Content/3DAssets/Test_Tube_1.uasset" 291
"../../../../../Unreal Projects/Workshop_team2/Workshop_Team2/Content/3DAssets/aiStandardSurface2.uasset" 292
"../../../../../Unreal Projects/Workshop_team2/Workshop_Team2/Content/3DAssets/SP_ControlConsolePlain_low.uasset" 293
"../../../../../Unreal Projects/Workshop_team2/Workshop_Team2/Content/3DAssets/aiStandardSurface1.uasset" 294
"../../../../../Unreal Projects/Workshop_team2/Workshop_Team2/Content/3DAssets/SP_ControlConsoleDisplay_low.uasset" 295
"../../../../../Unreal Projects/Workshop_team2/Workshop_Team2/Content/3DAssets/aiStandardSurface3.uasset" 296
"../../../../../Unreal Projects/Workshop_team2/Workshop_Team2/Content/3DAssets/SP_ControlConsoleCornerPlain_low.uasset" 297
"../../../../../Unreal Projects/Workshop_team2/Workshop_Team2/Content/3DAssets/aiStandardSurface5.uasset" 298
"../../../../../Unreal Projects/Workshop_team2/Workshop_Team2/Content/3DAssets/SP_ControlConsoleCornerDisplay_low.uasset" 299
"../../../../../Unreal Projects/Workshop_team2/Workshop_Team2/Content/3DAssets/LoganBernatt_Terminal1_Low.uasset" 300
"../../../../../Unreal Projects/Workshop_team2/Workshop_Team2/Content/Level/Prototype.umap" 301
"../../../Engine/Content/Maps/Entry_BuiltData.uasset" 302
"../../../Engine/Content/Maps/Entry.umap" 303
